[14:44:07][INFO]: Połączono z serwerem localhost:4545.
[14:44:49][INFO]: Połączono z serwerem localhost:4545.
[14:44:50][INFO]: Pobrano tabelę contestants.
[14:44:50][INFO]: Pobrano tabelę tournaments.
[14:44:50][INFO]: Pobrano tabelę teams.
[14:44:50][INFO]: Pobrano tabelę matches.
[14:44:50][INFO]: Pobrano tabelę arenas.
[14:44:50][INFO]: Pobrano tabelę system_users.
[14:45:34][INFO]: Połączono z serwerem localhost:4545.
[14:45:34][INFO]: Pobrano tabelę contestants.
[14:45:34][INFO]: Pobrano tabelę tournaments.
[14:45:34][INFO]: Pobrano tabelę teams.
[14:45:35][INFO]: Pobrano tabelę matches.
[14:45:35][INFO]: Pobrano tabelę arenas.
[14:45:35][INFO]: Pobrano tabelę system_users.
[14:45:38][INFO]: Pomyślnie wylogowano bieżącego użytkownika.
[14:45:48][INFO]: Połączono z serwerem localhost:4545.
[14:45:48][INFO]: Pobrano tabelę contestants.
[14:45:48][INFO]: Pobrano tabelę tournaments.
[14:45:49][INFO]: Pobrano tabelę teams.
[14:45:49][INFO]: Pobrano tabelę matches.
[14:45:49][INFO]: Pobrano tabelę arenas.
[14:45:49][INFO]: Pobrano tabelę system_users.
[14:55:57][INFO]: Połączono z serwerem localhost:4545.
[14:55:57][INFO]: Pobrano tabelę contestants.
[14:55:58][INFO]: Pobrano tabelę tournaments.
[14:55:58][INFO]: Pobrano tabelę teams.
[14:55:58][INFO]: Pobrano tabelę matches.
[14:55:58][INFO]: Pobrano tabelę arenas.
[14:55:58][INFO]: Pobrano tabelę system_users.
[14:56:00][INFO]: Pomyślnie wylogowano bieżącego użytkownika.
[14:56:52][INFO]: Połączono z serwerem localhost:4545.
[14:56:52][INFO]: Pobrano tabelę contestants.
[14:56:52][INFO]: Pobrano tabelę tournaments.
[14:56:52][INFO]: Pobrano tabelę teams.
[14:56:53][INFO]: Pobrano tabelę matches.
[14:56:53][INFO]: Pobrano tabelę arenas.
[14:56:53][INFO]: Pobrano tabelę system_users.
[14:57:23][INFO]: Połączono z serwerem localhost:4545.
[14:57:23][INFO]: Pobrano tabelę contestants.
[14:57:24][INFO]: Pobrano tabelę tournaments.
[14:57:24][INFO]: Pobrano tabelę teams.
[14:57:24][INFO]: Pobrano tabelę matches.
[14:57:24][INFO]: Pobrano tabelę arenas.
[14:57:24][INFO]: Pobrano tabelę system_users.
[14:57:36][INFO]: Połączono z serwerem localhost:4545.
[14:57:36][INFO]: Pobrano tabelę contestants.
[14:57:36][INFO]: Pobrano tabelę tournaments.
[14:57:36][INFO]: Pobrano tabelę teams.
[14:57:36][INFO]: Pobrano tabelę matches.
[14:57:36][INFO]: Pobrano tabelę arenas.
[14:57:36][INFO]: Pobrano tabelę system_users.
[14:58:06][INFO]: Pomyślnie wylogowano bieżącego użytkownika.
[14:58:08][INFO]: Pomyślnie wylogowano bieżącego użytkownika.
[14:58:57][INFO]: Połączono z serwerem localhost:4545.
[14:58:58][INFO]: Pobrano tabelę contestants.
[14:58:58][INFO]: Pobrano tabelę tournaments.
[14:58:58][INFO]: Pobrano tabelę teams.
[14:58:59][INFO]: Pobrano tabelę matches.
[14:58:59][INFO]: Pobrano tabelę arenas.
[14:58:59][INFO]: Pobrano tabelę system_users.
[14:59:46][INFO]: Połączono z serwerem localhost:4545.
[14:59:46][INFO]: Pobrano tabelę contestants.
[14:59:47][INFO]: Pobrano tabelę tournaments.
[14:59:47][INFO]: Pobrano tabelę teams.
[14:59:47][INFO]: Pobrano tabelę matches.
[14:59:47][INFO]: Pobrano tabelę arenas.
[14:59:47][INFO]: Pobrano tabelę system_users.
[14:59:49][INFO]: Pomyślnie wylogowano bieżącego użytkownika.
[15:00:56][INFO]: Połączono z serwerem localhost:4545.
[15:00:56][INFO]: Pobrano tabelę contestants.
[15:00:56][INFO]: Pobrano tabelę tournaments.
[15:00:56][INFO]: Pobrano tabelę teams.
[15:00:57][INFO]: Pobrano tabelę matches.
[15:00:57][INFO]: Pobrano tabelę arenas.
[15:00:57][INFO]: Pobrano tabelę system_users.
[15:01:25][INFO]: Połączono z serwerem localhost:4545.
[15:01:25][INFO]: Pobrano tabelę contestants.
[15:01:25][INFO]: Pobrano tabelę tournaments.
[15:01:26][INFO]: Pobrano tabelę teams.
[15:01:26][INFO]: Pobrano tabelę matches.
[15:01:26][INFO]: Pobrano tabelę arenas.
[15:01:26][INFO]: Pobrano tabelę system_users.
[15:04:03][INFO]: Połączono z serwerem localhost:4545.
[15:04:03][INFO]: Pobrano tabelę contestants.
[15:04:03][INFO]: Pobrano tabelę tournaments.
[15:04:04][INFO]: Pobrano tabelę teams.
[15:04:04][INFO]: Pobrano tabelę matches.
[15:04:04][INFO]: Pobrano tabelę arenas.
[15:04:04][INFO]: Pobrano tabelę system_users.
[15:04:09][INFO]: Pobrano zaplanowane mecze dla id 253.
[15:04:22][INFO]: Pobrano zaplanowane mecze dla id 253.
[15:04:37][INFO]: Pobrano zaplanowane mecze dla id 253.
[15:04:42][INFO]: Pomyślnie wylogowano bieżącego użytkownika.
[15:46:50][INFO]: Połączono z serwerem localhost:4545.
[15:46:51][INFO]: Pobrano tabelę contestants.
[15:46:51][INFO]: Pobrano tabelę tournaments.
[15:46:51][INFO]: Pobrano tabelę teams.
[15:46:51][INFO]: Pobrano tabelę matches.
[15:46:52][INFO]: Pobrano tabelę arenas.
[15:46:52][INFO]: Pobrano tabelę system_users.
[15:47:00][INFO]: Pobrano zaplanowane mecze dla id 243.
[15:52:22][INFO]: Połączono z serwerem localhost:4545.
[15:52:22][INFO]: Pobrano tabelę contestants.
[15:52:23][INFO]: Pobrano tabelę tournaments.
[15:52:23][INFO]: Pobrano tabelę teams.
[15:52:23][INFO]: Pobrano tabelę matches.
[15:52:23][INFO]: Pobrano tabelę arenas.
[15:52:23][INFO]: Pobrano tabelę system_users.
[15:52:27][INFO]: Pobrano niezaplanowane mecze dla id 129.
[15:52:44][INFO]: Pobrano zaplanowane mecze dla id 129.
[15:53:32][INFO]: Połączono z serwerem localhost:4545.
[15:53:32][INFO]: Pobrano tabelę contestants.
[15:53:33][INFO]: Pobrano tabelę tournaments.
[15:53:33][INFO]: Pobrano tabelę teams.
[15:53:33][INFO]: Pobrano tabelę matches.
[15:53:33][INFO]: Pobrano tabelę arenas.
[15:53:33][INFO]: Pobrano tabelę system_users.
[15:53:38][INFO]: Pobrano zakończone mecze dla id 243.
[15:53:53][INFO]: Połączono z serwerem localhost:4545.
[15:53:54][INFO]: Pobrano tabelę contestants.
[15:53:54][INFO]: Pobrano tabelę tournaments.
[15:53:54][INFO]: Pobrano tabelę teams.
[15:53:54][INFO]: Pobrano tabelę matches.
[15:53:54][INFO]: Pobrano tabelę arenas.
[15:53:54][INFO]: Pobrano tabelę system_users.
[15:53:58][INFO]: Pobrano zakończone mecze dla id 243.
[15:56:16][INFO]: Pobrano niezaplanowane mecze dla id 243.
[15:57:21][INFO]: Połączono z serwerem localhost:4545.
[15:57:22][INFO]: Pobrano tabelę contestants.
[15:57:22][INFO]: Pobrano tabelę tournaments.
[15:57:22][INFO]: Pobrano tabelę teams.
[15:57:22][INFO]: Pobrano tabelę matches.
[15:57:23][INFO]: Pobrano tabelę arenas.
[15:57:23][INFO]: Pobrano tabelę system_users.
[15:57:34][INFO]: Pobrano zakończone mecze dla id 281.
[15:58:24][INFO]: Połączono z serwerem localhost:4545.
[15:58:24][INFO]: Pobrano tabelę contestants.
[15:58:24][INFO]: Pobrano tabelę tournaments.
[15:58:24][INFO]: Pobrano tabelę teams.
[15:58:25][INFO]: Pobrano tabelę matches.
[15:58:25][INFO]: Pobrano tabelę arenas.
[15:58:25][INFO]: Pobrano tabelę system_users.
[15:58:35][INFO]: Pobrano zakończone mecze dla id 281.
[16:00:31][INFO]: Połączono z serwerem localhost:4545.
[16:00:32][INFO]: Pobrano tabelę contestants.
[16:00:32][INFO]: Pobrano tabelę tournaments.
[16:00:32][INFO]: Pobrano tabelę teams.
[16:00:33][INFO]: Pobrano tabelę matches.
[16:00:33][INFO]: Pobrano tabelę arenas.
[16:00:33][INFO]: Pobrano tabelę system_users.
[16:00:39][INFO]: Pobrano zakończone mecze dla id 281.
[16:10:10][INFO]: Połączono z serwerem localhost:4545.
[16:10:10][INFO]: Pobrano tabelę contestants.
[16:10:11][INFO]: Pobrano tabelę tournaments.
[16:10:11][INFO]: Pobrano tabelę teams.
[16:10:11][INFO]: Pobrano tabelę matches.
[16:10:11][INFO]: Pobrano tabelę arenas.
[16:10:11][INFO]: Pobrano tabelę system_users.
[16:10:20][INFO]: Pobrano zakończone mecze dla id 281.
[16:14:31][INFO]: Połączono z serwerem localhost:4545.
[16:14:32][INFO]: Pobrano tabelę contestants.
[16:14:32][INFO]: Pobrano tabelę tournaments.
[16:14:32][INFO]: Pobrano tabelę teams.
[16:14:32][INFO]: Pobrano tabelę matches.
[16:14:33][INFO]: Pobrano tabelę arenas.
[16:14:33][INFO]: Pobrano tabelę system_users.
[16:14:45][INFO]: Pobrano zakończone mecze dla id 281.
[16:15:15][INFO]: Połączono z serwerem localhost:4545.
[16:15:15][INFO]: Pobrano tabelę contestants.
[16:15:15][INFO]: Pobrano tabelę tournaments.
[16:15:15][INFO]: Pobrano tabelę teams.
[16:15:15][INFO]: Pobrano tabelę matches.
[16:15:16][INFO]: Pobrano tabelę arenas.
[16:15:16][INFO]: Pobrano tabelę system_users.
[16:15:24][INFO]: Pobrano zakończone mecze dla id 281.
[16:17:54][INFO]: Połączono z serwerem localhost:4545.
[16:17:54][INFO]: Pobrano tabelę contestants.
[16:17:55][INFO]: Pobrano tabelę tournaments.
[16:17:55][INFO]: Pobrano tabelę teams.
[16:17:55][INFO]: Pobrano tabelę matches.
[16:17:55][INFO]: Pobrano tabelę arenas.
[16:17:55][INFO]: Pobrano tabelę system_users.
[16:18:05][INFO]: Pobrano zakończone mecze dla id 281.
[16:24:01][INFO]: Połączono z serwerem localhost:4545.
[16:24:01][INFO]: Pobrano tabelę contestants.
[16:24:01][INFO]: Pobrano tabelę tournaments.
[16:24:01][INFO]: Pobrano tabelę teams.
[16:24:02][INFO]: Pobrano tabelę matches.
[16:24:02][INFO]: Pobrano tabelę arenas.
[16:24:02][INFO]: Pobrano tabelę system_users.
[16:24:11][INFO]: Pobrano zakończone mecze dla id 281.
[16:25:13][INFO]: Połączono z serwerem localhost:4545.
[16:25:14][INFO]: Pobrano tabelę contestants.
[16:25:14][INFO]: Pobrano tabelę tournaments.
[16:25:14][INFO]: Pobrano tabelę teams.
[16:25:14][INFO]: Pobrano tabelę matches.
[16:25:15][INFO]: Pobrano tabelę arenas.
[16:25:15][INFO]: Pobrano tabelę system_users.
[16:25:21][INFO]: Pobrano zakończone mecze dla id 281.
[16:25:53][INFO]: Połączono z serwerem localhost:4545.
[16:25:53][INFO]: Pobrano tabelę contestants.
[16:25:53][INFO]: Pobrano tabelę tournaments.
[16:25:53][INFO]: Pobrano tabelę teams.
[16:25:54][INFO]: Pobrano tabelę matches.
[16:25:54][INFO]: Pobrano tabelę arenas.
[16:25:54][INFO]: Pobrano tabelę system_users.
[16:26:06][INFO]: Pobrano zakończone mecze dla id 281.
[16:26:21][INFO]: Połączono z serwerem localhost:4545.
[16:26:22][INFO]: Pobrano tabelę contestants.
[16:26:22][INFO]: Pobrano tabelę tournaments.
[16:26:22][INFO]: Pobrano tabelę teams.
[16:26:22][INFO]: Pobrano tabelę matches.
[16:26:23][INFO]: Pobrano tabelę arenas.
[16:26:23][INFO]: Pobrano tabelę system_users.
[16:26:32][INFO]: Pobrano zakończone mecze dla id 281.
[16:27:52][INFO]: Połączono z serwerem localhost:4545.
[16:27:53][INFO]: Pobrano tabelę contestants.
[16:27:53][INFO]: Pobrano tabelę tournaments.
[16:27:53][INFO]: Pobrano tabelę teams.
[16:27:53][INFO]: Pobrano tabelę matches.
[16:27:53][INFO]: Pobrano tabelę arenas.
[16:27:53][INFO]: Pobrano tabelę system_users.
[16:28:00][INFO]: Pomyślnie zalogowano użytkownika testuser.
[16:28:21][INFO]: Utworzono turniej Abcd.
[16:28:21][INFO]: Pobrano tabelę contestants.
[16:28:21][INFO]: Pobrano tabelę tournaments.
[16:28:21][INFO]: Pobrano tabelę teams.
[16:28:22][INFO]: Pobrano tabelę matches.
[16:28:22][INFO]: Pobrano tabelę arenas.
[16:28:22][INFO]: Pobrano tabelę system_users.
[16:28:41][INFO]: Pomyślnie wylogowano bieżącego użytkownika.
[16:28:52][INFO]: Połączono z serwerem localhost:4545.
[16:28:53][INFO]: Pobrano tabelę contestants.
[16:28:53][INFO]: Pobrano tabelę tournaments.
[16:28:53][INFO]: Pobrano tabelę teams.
[16:28:53][INFO]: Pobrano tabelę matches.
[16:28:53][INFO]: Pobrano tabelę arenas.
[16:28:53][INFO]: Pobrano tabelę system_users.
[16:28:59][INFO]: Pomyślnie zalogowano użytkownika testuser.
[16:29:09][INFO]: Pobrano zakończone mecze dla id 306.
[16:29:12][INFO]: Pobrano zaplanowane mecze dla id 306.
[16:29:34][INFO]: Pobrano niezaplanowane mecze dla id 306.
[16:29:36][INFO]: Pomyślnie wylogowano bieżącego użytkownika.
[16:55:48][INFO]: Połączono z serwerem localhost:4545.
[16:55:48][INFO]: Pobrano tabelę contestants.
[16:55:48][INFO]: Pobrano tabelę tournaments.
[16:55:49][INFO]: Pobrano tabelę teams.
[16:55:49][INFO]: Pobrano tabelę matches.
[16:55:49][INFO]: Pobrano tabelę arenas.
[16:55:49][INFO]: Pobrano tabelę system_users.
[16:56:01][INFO]: Pomyślnie wylogowano bieżącego użytkownika.
[17:06:52][INFO]: Połączono z serwerem localhost:4545.
[17:06:53][INFO]: Pobrano tabelę contestants.
[17:06:53][INFO]: Pobrano tabelę tournaments.
[17:06:53][INFO]: Pobrano tabelę teams.
[17:06:53][INFO]: Pobrano tabelę matches.
[17:06:53][INFO]: Pobrano tabelę arenas.
[17:06:53][INFO]: Pobrano tabelę system_users.
[17:07:02][INFO]: Pobrano niezaplanowane mecze dla id 306.
[17:07:15][INFO]: Pomyślnie zalogowano użytkownika testuser.
[17:07:18][INFO]: Pobrano tabelę contestants.
[17:07:19][INFO]: Pobrano tabelę tournaments.
[17:07:19][INFO]: Pobrano tabelę teams.
[17:07:19][INFO]: Pobrano tabelę matches.
[17:07:19][INFO]: Pobrano tabelę arenas.
[17:07:19][INFO]: Pobrano tabelę system_users.
[17:07:19][INFO]: Pobrano niezaplanowane mecze dla id 306.
[17:19:19][INFO]: Połączono z serwerem localhost:4545.
[17:19:20][INFO]: Pobrano tabelę contestants.
[17:19:20][INFO]: Pobrano tabelę tournaments.
[17:19:20][INFO]: Pobrano tabelę teams.
[17:19:20][INFO]: Pobrano tabelę matches.
[17:19:20][INFO]: Pobrano tabelę arenas.
[17:19:20][INFO]: Pobrano tabelę system_users.
[17:19:24][INFO]: Pobrano zawodników dla id 306.
[17:19:36][INFO]: Pomyślnie zalogowano użytkownika testuser.
[17:20:59][INFO]: Połączono z serwerem localhost:4545.
[17:21:00][INFO]: Pobrano tabelę contestants.
[17:21:00][INFO]: Pobrano tabelę tournaments.
[17:21:00][INFO]: Pobrano tabelę teams.
[17:21:00][INFO]: Pobrano tabelę matches.
[17:21:00][INFO]: Pobrano tabelę arenas.
[17:21:00][INFO]: Pobrano tabelę system_users.
[17:21:05][INFO]: Pomyślnie zalogowano użytkownika testuser.
[17:21:08][INFO]: Pobrano zawodników dla id 306.
[17:21:14][INFO]: Pobrano tabelę contestants.
[17:21:14][INFO]: Pobrano tabelę tournaments.
[17:21:14][INFO]: Pobrano tabelę teams.
[17:21:14][INFO]: Pobrano tabelę matches.
[17:21:14][INFO]: Pobrano tabelę arenas.
[17:21:14][INFO]: Pobrano tabelę system_users.
[17:21:14][INFO]: Pobrano zawodników dla id 306.
[17:21:19][INFO]: Usunięto rekord o ID 790 z tabeli contestants.
[17:21:19][INFO]: Pobrano tabelę contestants.
[17:21:19][INFO]: Pobrano tabelę tournaments.
[17:21:19][INFO]: Pobrano tabelę teams.
[17:21:19][INFO]: Pobrano tabelę matches.
[17:21:19][INFO]: Pobrano tabelę arenas.
[17:21:20][INFO]: Pobrano tabelę system_users.
[17:21:20][INFO]: Pobrano zawodników dla id 306.
[17:21:28][INFO]: Pobrano niezaplanowane mecze dla id 306.
[17:21:30][INFO]: Pobrano zaplanowane mecze dla id 306.
[17:21:35][INFO]: Ustawiono wynik meczu 1001.
[17:21:35][INFO]: Pobrano tabelę contestants.
[17:21:35][INFO]: Pobrano tabelę tournaments.
[17:21:35][INFO]: Pobrano tabelę teams.
[17:21:35][INFO]: Pobrano tabelę matches.
[17:21:35][INFO]: Pobrano tabelę arenas.
[17:21:35][INFO]: Pobrano tabelę system_users.
[17:21:36][INFO]: Pobrano zaplanowane mecze dla id 306.
[17:21:37][INFO]: Pobrano zakończone mecze dla id 306.
[17:21:45][INFO]: Pomyślnie wylogowano bieżącego użytkownika.
[17:27:18][INFO]: Połączono z serwerem localhost:4545.
[17:27:18][INFO]: Pobrano tabelę contestants.
[17:27:18][INFO]: Pobrano tabelę tournaments.
[17:27:18][INFO]: Pobrano tabelę teams.
[17:27:18][INFO]: Pobrano tabelę matches.
[17:27:19][INFO]: Pobrano tabelę arenas.
[17:27:19][INFO]: Pobrano tabelę system_users.
[17:27:25][INFO]: Pobrano raporty dla id 306.
[17:27:50][INFO]: Pobrano zakończone mecze dla id 306.
[17:27:51][INFO]: Pobrano raporty dla id 306.
[17:27:55][INFO]: Pomyślnie wylogowano bieżącego użytkownika.
[17:30:31][INFO]: Połączono z serwerem localhost:4545.
[17:30:32][INFO]: Pobrano tabelę contestants.
[17:30:32][INFO]: Pobrano tabelę tournaments.
[17:30:32][INFO]: Pobrano tabelę teams.
[17:30:32][INFO]: Pobrano tabelę matches.
[17:30:32][INFO]: Pobrano tabelę arenas.
[17:30:32][INFO]: Pobrano tabelę system_users.
[17:30:37][INFO]: Pobrano raporty dla id 306.
[17:30:38][INFO]: Pobrano raport 1.
[17:45:25][INFO]: Połączono z serwerem localhost:4545.
[17:45:25][INFO]: Pobrano tabelę contestants.
[17:45:25][INFO]: Pobrano tabelę tournaments.
[17:45:25][INFO]: Pobrano tabelę teams.
[17:45:25][INFO]: Pobrano tabelę matches.
[17:45:26][INFO]: Pobrano tabelę arenas.
[17:45:26][INFO]: Pobrano tabelę system_users.
[17:45:30][INFO]: Pobrano zaplanowane mecze dla id 306.
[17:45:31][INFO]: Pobrano niezaplanowane mecze dla id 306.
[17:45:33][INFO]: Pobrano zakończone mecze dla id 306.
[17:45:33][INFO]: Pobrano raporty dla id 306.
[17:45:34][INFO]: Pobrano raport 1.
[17:45:45][INFO]: Pomyślnie zalogowano użytkownika testuser.
[17:45:48][INFO]: Pobrano raport 1.
[17:45:49][INFO]: Pobrano tabelę contestants.
[17:45:49][INFO]: Pobrano tabelę tournaments.
[17:45:49][INFO]: Pobrano tabelę teams.
[17:45:49][INFO]: Pobrano tabelę matches.
[17:45:49][INFO]: Pobrano tabelę arenas.
[17:45:49][INFO]: Pobrano tabelę system_users.
[17:45:53][INFO]: Pomyślnie wylogowano bieżącego użytkownika.
[19:25:32][INFO]: Połączono z serwerem localhost:4545.
[19:25:32][INFO]: Pobrano tabelę contestants.
[19:25:33][INFO]: Pobrano tabelę tournaments.
[19:25:33][INFO]: Pobrano tabelę teams.
[19:25:33][INFO]: Pobrano tabelę matches.
[19:25:34][INFO]: Pobrano tabelę arenas.
[19:25:34][INFO]: Pobrano tabelę system_users.
[19:25:38][INFO]: Pobrano zaplanowane mecze dla id 306.
[19:25:39][INFO]: Pobrano niezaplanowane mecze dla id 306.
[19:25:40][INFO]: Pobrano zawodników dla id 306.
[19:25:42][INFO]: Pobrano raporty dla id 306.
[19:25:43][INFO]: Pobrano zakończone mecze dla id 306.
[19:25:45][INFO]: Pobrano zaplanowane mecze dla id 306.
[19:25:46][INFO]: Pobrano niezaplanowane mecze dla id 306.
[19:25:47][INFO]: Pobrano zawodników dla id 306.
[19:26:03][INFO]: Pomyślnie wylogowano bieżącego użytkownika.
[20:15:32][INFO]: Połączono z serwerem localhost:4545.
[20:15:33][INFO]: Pobrano tabelę contestants.
[20:15:33][INFO]: Pobrano tabelę tournaments.
[20:15:33][INFO]: Pobrano tabelę teams.
[20:15:33][INFO]: Pobrano tabelę matches.
[20:15:33][INFO]: Pobrano tabelę arenas.
[20:15:33][INFO]: Pobrano tabelę system_users.
[20:15:37][INFO]: Pobrano niezaplanowane mecze dla id 306.
[20:15:37][INFO]: Pobrano zaplanowane mecze dla id 306.
[20:15:38][INFO]: Pobrano zakończone mecze dla id 306.
[20:15:38][INFO]: Pobrano raporty dla id 306.
[20:15:39][INFO]: Pobrano zakończone mecze dla id 306.
[20:15:46][INFO]: Pomyślnie wylogowano bieżącego użytkownika.
